# JRE version: OpenJDK Runtime Environment Temurin-17.0.8.1+1 (17.0.8.1+1) (build 17.0.8.1+1)
# Java VM: OpenJDK 64-Bit Server VM Temurin-17.0.8.1+1 (17.0.8.1+1, mixed mode, tiered, compressed oops, compressed class ptrs, g1 gc, windows-amd64)
GC Precious Log:
 CPUs: 12 total, 12 available
 Memory: 7530M
 Large Page Support: Disabled
 NUMA Support: Disabled
 Compressed Oops: Enabled (32-bit)
 Heap Region Size: 1M
 Heap Min Capacity: 8M
 Heap Initial Capacity: 118M
 Heap Max Capacity: 1884M
 Pre-touch: Disabled
 Parallel Workers: 10
 Concurrent Workers: 3
 Concurrent Refinement Workers: 10
 Periodic GC: Disabled
Heap:
 garbage-first heap   total 73728K, used 39741K [0x000000008a400000, 0x0000000100000000)
  region size 1024K, 1 young (1024K), 1 survivors (1024K)
 Metaspace       used 35986K, committed 36288K, reserved 1114112K
  class space    used 3900K, committed 4032K, reserved 1048576K
GC Heap History (20 events):
Event: 3.140 GC heap after
{Heap after GC invocations=14 (full 0):
 garbage-first heap   total 45056K, used 22040K [0x000000008a400000, 0x0000000100000000)
  region size 1024K, 1 young (1024K), 1 survivors (1024K)
 Metaspace       used 29773K, committed 30016K, reserved 1114112K
  class space    used 3169K, committed 3264K, reserved 1048576K
}
Event: 3.236 GC heap before
{Heap before GC invocations=15 (full 0):
 garbage-first heap   total 46080K, used 31256K [0x000000008a400000, 0x0000000100000000)
  region size 1024K, 9 young (9216K), 1 survivors (1024K)
 Metaspace       used 31008K, committed 31360K, reserved 1114112K
  class space    used 3350K, committed 3520K, reserved 1048576K
}
Event: 3.241 GC heap after
{Heap after GC invocations=16 (full 0):
 garbage-first heap   total 46080K, used 27674K [0x000000008a400000, 0x0000000100000000)
  region size 1024K, 2 young (2048K), 2 survivors (2048K)
 Metaspace       used 31008K, committed 31360K, reserved 1114112K
  class space    used 3350K, committed 3520K, reserved 1048576K
}
Event: 3.291 GC heap before
{Heap before GC invocations=16 (full 0):
 garbage-first heap   total 46080K, used 31770K [0x000000008a400000, 0x0000000100000000)
  region size 1024K, 7 young (7168K), 2 survivors (2048K)
 Metaspace       used 32258K, committed 32576K, reserved 1114112K
  class space    used 3505K, committed 3648K, reserved 1048576K
}
Event: 3.294 GC heap after
{Heap after GC invocations=17 (full 0):
 garbage-first heap   total 46080K, used 28133K [0x000000008a400000, 0x0000000100000000)
  region size 1024K, 1 young (1024K), 1 survivors (1024K)
 Metaspace       used 32258K, committed 32576K, reserved 1114112K
  class space    used 3505K, committed 3648K, reserved 1048576K
}
Event: 3.343 GC heap before
{Heap before GC invocations=18 (full 0):
 garbage-first heap   total 51200K, used 32229K [0x000000008a400000, 0x0000000100000000)
  region size 1024K, 6 young (6144K), 1 survivors (1024K)
 Metaspace       used 33377K, committed 33728K, reserved 1114112K
  class space    used 3616K, committed 3776K, reserved 1048576K
}
Event: 3.344 GC heap after
{Heap after GC invocations=19 (full 0):
 garbage-first heap   total 51200K, used 28439K [0x000000008a400000, 0x0000000100000000)
  region size 1024K, 1 young (1024K), 1 survivors (1024K)
 Metaspace       used 33377K, committed 33728K, reserved 1114112K
  class space    used 3616K, committed 3776K, reserved 1048576K
}
Event: 3.356 GC heap before
{Heap before GC invocations=19 (full 0):
 garbage-first heap   total 51200K, used 29463K [0x000000008a400000, 0x0000000100000000)
  region size 1024K, 2 young (2048K), 1 survivors (1024K)
 Metaspace       used 33657K, committed 33984K, reserved 1114112K
  class space    used 3645K, committed 3840K, reserved 1048576K
}
Event: 3.357 GC heap after
{Heap after GC invocations=20 (full 0):
 garbage-first heap   total 65536K, used 28256K [0x000000008a400000, 0x0000000100000000)
  region size 1024K, 1 young (1024K), 1 survivors (1024K)
 Metaspace       used 33657K, committed 33984K, reserved 1114112K
  class space    used 3645K, committed 3840K, reserved 1048576K
}
Event: 3.535 GC heap before
{Heap before GC invocations=20 (full 0):
 garbage-first heap   total 65536K, used 40544K [0x000000008a400000, 0x0000000100000000)
  region size 1024K, 14 young (14336K), 1 survivors (1024K)
 Metaspace       used 35362K, committed 35712K, reserved 1114112K
  class space    used 3832K, committed 3968K, reserved 1048576K
}
Event: 3.539 GC heap after
{Heap after GC invocations=21 (full 0):
 garbage-first heap   total 65536K, used 33293K [0x000000008a400000, 0x0000000100000000)
  region size 1024K, 2 young (2048K), 2 survivors (2048K)
 Metaspace       used 35362K, committed 35712K, reserved 1114112K
  class space    used 3832K, committed 3968K, reserved 1048576K
}
Event: 3.625 GC heap before
{Heap before GC invocations=22 (full 0):
 garbage-first heap   total 65536K, used 45581K [0x000000008a400000, 0x0000000100000000)
  region size 1024K, 15 young (15360K), 2 survivors (2048K)
 Metaspace       used 35391K, committed 35712K, reserved 1114112K
  class space    used 3833K, committed 3968K, reserved 1048576K
}
Event: 3.629 GC heap after
{Heap after GC invocations=23 (full 0):
 garbage-first heap   total 65536K, used 36186K [0x000000008a400000, 0x0000000100000000)
  region size 1024K, 2 young (2048K), 2 survivors (2048K)
 Metaspace       used 35391K, committed 35712K, reserved 1114112K
  class space    used 3833K, committed 3968K, reserved 1048576K
}
Event: 3.636 GC heap before
{Heap before GC invocations=23 (full 0):
 garbage-first heap   total 65536K, used 37210K [0x000000008a400000, 0x0000000100000000)
  region size 1024K, 3 young (3072K), 2 survivors (2048K)
 Metaspace       used 35391K, committed 35712K, reserved 1114112K
  class space    used 3833K, committed 3968K, reserved 1048576K
}
Event: 3.639 GC heap after
{Heap after GC invocations=24 (full 0):
 garbage-first heap   total 65536K, used 35103K [0x000000008a400000, 0x0000000100000000)
  region size 1024K, 1 young (1024K), 1 survivors (1024K)
 Metaspace       used 35391K, committed 35712K, reserved 1114112K
  class space    used 3833K, committed 3968K, reserved 1048576K
}
Event: 3.732 GC heap before
{Heap before GC invocations=24 (full 0):
 garbage-first heap   total 65536K, used 46367K [0x000000008a400000, 0x0000000100000000)
  region size 1024K, 12 young (12288K), 1 survivors (1024K)
 Metaspace       used 35629K, committed 35904K, reserved 1114112K
  class space    used 3860K, committed 3968K, reserved 1048576K
}
Event: 3.735 GC heap after
{Heap after GC invocations=25 (full 0):
 garbage-first heap   total 65536K, used 38090K [0x000000008a400000, 0x0000000100000000)
  region size 1024K, 2 young (2048K), 2 survivors (2048K)
 Metaspace       used 35629K, committed 35904K, reserved 1114112K
  class space    used 3860K, committed 3968K, reserved 1048576K
}
Event: 3.812 GC heap before
{Heap before GC invocations=26 (full 0):
 garbage-first heap   total 73728K, used 47306K [0x000000008a400000, 0x0000000100000000)
  region size 1024K, 12 young (12288K), 2 survivors (2048K)
 Metaspace       used 35946K, committed 36224K, reserved 1114112K
  class space    used 3897K, committed 4032K, reserved 1048576K
}
Event: 3.816 GC heap after
{Heap after GC invocations=27 (full 0):
 garbage-first heap   total 73728K, used 39968K [0x000000008a400000, 0x0000000100000000)
  region size 1024K, 2 young (2048K), 2 survivors (2048K)
 Metaspace       used 35946K, committed 36224K, reserved 1114112K
  class space    used 3897K, committed 4032K, reserved 1048576K
}
Event: 3.830 GC heap before
{Heap before GC invocations=27 (full 0):
 garbage-first heap   total 73728K, used 40992K [0x000000008a400000, 0x0000000100000000)
  region size 1024K, 3 young (3072K), 2 survivors (2048K)
 Metaspace       used 35986K, committed 36288K, reserved 1114112K
  class space    used 3900K, committed 4032K, reserved 1048576K
}

